#
# There is insufficient memory for the Java Runtime Environment to continue.
# Native memory allocation (mmap) failed to map 266338304 bytes for Failed to commit area from 0x0000000702800000 to 0x0000000712600000 of length 266338304.
# Possible reasons:
#   The system is out of physical RAM or swap space
#   The process is running with CompressedOops enabled, and the Java Heap may be blocking the growth of the native heap
# Possible solutions:
#   Reduce memory load on the system
#   Increase physical memory or swap space
#   Check if swap backing store is full
#   Decrease Java heap size (-Xmx/-Xms)
#   Decrease number of Java threads
#   Decrease Java thread stack sizes (-Xss)
#   Set larger code cache with -XX:ReservedCodeCacheSize=
# This output file may be truncated or incomplete.
#
#  Out of Memory Error (./src/hotspot/os/windows/os_windows.cpp:3301), pid=13640, tid=16816
#
# JRE version:  (11.0.11+9) (build )
# Java VM: OpenJDK 64-Bit Server VM (11.0.11+9-b60-7590822, mixed mode, sharing, tiered, compressed oops, g1 gc, windows-amd64)
# No core dump will be written. Minidumps are not enabled by default on client versions of Windows
#

---------------  S U M M A R Y ------------

Command Line: 

Host: Intel(R) Core(TM) i7-6600U CPU @ 2.60GHz, 4 cores, 15G,  Windows 10 , 64 bit Build 19041 (10.0.19041.1566)
Time: Thu Mar 31 12:35:29 2022 South Africa Standard Time elapsed time: 0.162285 seconds (0d 0h 0m 0s)

---------------  T H R E A D  ---------------

Current thread (0x000001f575d1f800):  JavaThread "Unknown thread" [_thread_in_vm, id=16816, stack(0x0000007a4d800000,0x0000007a4d900000)]

Stack: [0x0000007a4d800000,0x0000007a4d900000]
Native frames: (J=compiled Java code, j=interpreted, Vv=VM code, C=native code)
V  [jvm.dll+0x5f214a]
V  [jvm.dll+0x726fb5]
V  [jvm.dll+0x7285cd]
V  [jvm.dll+0x728c83]
V  [jvm.dll+0x243278]
V  [jvm.dll+0x5ef544]
V  [jvm.dll+0x5e4495]
V  [jvm.dll+0x2fec5b]
V  [jvm.dll+0x2febca]
V  [jvm.dll+0x2feaa2]
V  [jvm.dll+0x303986]
V  [jvm.dll+0x34c3a3]
V  [jvm.dll+0x34caa6]
V  [jvm.dll+0x34c4a3]
V  [jvm.dll+0x2d9688]
V  [jvm.dll+0x2da837]
V  [jvm.dll+0x705ba7]
V  [jvm.dll+0x70739c]
V  [jvm.dll+0x3598f9]
V  [jvm.dll+0x6e931e]
V  [jvm.dll+0x3c1c43]
V  [jvm.dll+0x3c3e81]
C  [jli.dll+0x5373]
C  [ucrtbase.dll+0x21bb2]
C  [KERNEL32.DLL+0x17034]
C  [ntdll.dll+0x52651]


---------------  P R O C E S S  ---------------

Threads class SMR info:
_java_thread_list=0x000001f573ba4a70, length=0, elements={
}

Java Threads: ( => current thread )

Other Threads:
  0x000001f575d38800 GCTaskThread "GC Thread#0" [stack: 0x0000007a4d900000,0x0000007a4da00000] [id=22928]
  0x000001f575d95000 ConcurrentGCThread "G1 Main Marker" [stack: 0x0000007a4da00000,0x0000007a4db00000] [id=19544]
  0x000001f575d97800 ConcurrentGCThread "G1 Conc#0" [stack: 0x0000007a4db00000,0x0000007a4dc00000] [id=21208]

[error occurred during error reporting (printing all threads), id 0xc0000005, EXCEPTION_ACCESS_VIOLATION (0xc0000005) at pc=0x00007ffc01389c47]

VM state:not at safepoint (not fully initialized)

VM Mutex/Monitor currently owned by a thread:  ([mutex/lock_event])
[0x000001f575d1bec0] Heap_lock - owner thread: 0x000001f575d1f800

Heap address: 0x0000000702800000, size: 4056 MB, Compressed Oops mode: Non-zero based: 0x0000000702800000
Narrow klass base: 0x0000000000000000, Narrow klass shift: 0

GC Heap History (0 events):
No events

Deoptimization events (0 events):
No events

Classes redefined (0 events):
No events

Internal exceptions (0 events):
No events

Events (1 events):
Event: 0.011 Loaded shared library C:\Program Files\Android\Android Studio1\jre\bin\zip.dll


Dynamic libraries:
0x00007ff75d660000 - 0x00007ff75d66a000 	C:\Program Files\Android\Android Studio1\jre\bin\java.EXE
0x00007ffc5e950000 - 0x00007ffc5eb45000 	C:\WINDOWS\SYSTEM32\ntdll.dll
0x00007ffc5d9f0000 - 0x00007ffc5daae000 	C:\WINDOWS\System32\KERNEL32.DLL
0x00007ffc5c5a0000 - 0x00007ffc5c868000 	C:\WINDOWS\System32\KERNELBASE.dll
0x00007ffc5c1e0000 - 0x00007ffc5c2e0000 	C:\WINDOWS\System32\ucrtbase.dll
0x00007ffc51be0000 - 0x00007ffc51bf7000 	C:\Program Files\Android\Android Studio1\jre\bin\VCRUNTIME140.dll
0x00007ffc51c00000 - 0x00007ffc51c19000 	C:\Program Files\Android\Android Studio1\jre\bin\jli.dll
0x00007ffc5db20000 - 0x00007ffc5dcc0000 	C:\WINDOWS\System32\USER32.dll
0x00007ffc5c570000 - 0x00007ffc5c592000 	C:\WINDOWS\System32\win32u.dll
0x00007ffc5d4f0000 - 0x00007ffc5d51b000 	C:\WINDOWS\System32\GDI32.dll
0x00007ffc5c8a0000 - 0x00007ffc5c9ab000 	C:\WINDOWS\System32\gdi32full.dll
0x00007ffc44490000 - 0x00007ffc4472a000 	C:\WINDOWS\WinSxS\amd64_microsoft.windows.common-controls_6595b64144ccf1df_6.0.19041.1110_none_60b5254171f9507e\COMCTL32.dll
0x00007ffc5c2e0000 - 0x00007ffc5c37d000 	C:\WINDOWS\System32\msvcp_win.dll
0x00007ffc5c9b0000 - 0x00007ffc5ca4e000 	C:\WINDOWS\System32\msvcrt.dll
0x00007ffc5d520000 - 0x00007ffc5d550000 	C:\WINDOWS\System32\IMM32.DLL
0x00007ffc21db0000 - 0x00007ffc21e4d000 	C:\Program Files\Android\Android Studio1\jre\bin\msvcp140.dll
0x00007ffc010a0000 - 0x00007ffc01b75000 	C:\Program Files\Android\Android Studio1\jre\bin\server\jvm.dll
0x00007ffc5d440000 - 0x00007ffc5d4ee000 	C:\WINDOWS\System32\ADVAPI32.dll
0x00007ffc5d7a0000 - 0x00007ffc5d83c000 	C:\WINDOWS\System32\sechost.dll
0x00007ffc5e640000 - 0x00007ffc5e765000 	C:\WINDOWS\System32\RPCRT4.dll
0x00007ffc5d380000 - 0x00007ffc5d388000 	C:\WINDOWS\System32\PSAPI.DLL
0x00007ffc47660000 - 0x00007ffc47669000 	C:\WINDOWS\SYSTEM32\WSOCK32.dll
0x00007ffc5e770000 - 0x00007ffc5e7db000 	C:\WINDOWS\System32\WS2_32.dll
0x00007ffc492d0000 - 0x00007ffc492f7000 	C:\WINDOWS\SYSTEM32\WINMM.dll
0x00007ffc5a710000 - 0x00007ffc5a71a000 	C:\WINDOWS\SYSTEM32\VERSION.dll
0x00007ffc5a900000 - 0x00007ffc5a912000 	C:\WINDOWS\SYSTEM32\kernel.appcore.dll
0x00007ffc4fad0000 - 0x00007ffc4fae1000 	C:\Program Files\Android\Android Studio1\jre\bin\verify.dll
0x00007ffc53e00000 - 0x00007ffc53fe4000 	C:\WINDOWS\SYSTEM32\DBGHELP.DLL
0x00007ffc2d680000 - 0x00007ffc2d6ac000 	C:\WINDOWS\SYSTEM32\dbgcore.DLL
0x00007ffc5c4e0000 - 0x00007ffc5c562000 	C:\WINDOWS\System32\bcryptPrimitives.dll
0x00007ffc4b0a0000 - 0x00007ffc4b0c9000 	C:\Program Files\Android\Android Studio1\jre\bin\java.dll
0x00007ffc57690000 - 0x00007ffc5769b000 	C:\Program Files\Android\Android Studio1\jre\bin\jimage.dll
0x00007ffc4ad10000 - 0x00007ffc4ad28000 	C:\Program Files\Android\Android Studio1\jre\bin\zip.dll

dbghelp: loaded successfully - version: 4.0.5 - missing functions: none
symbol engine: initialized successfully - sym options: 0x614 - pdb path: .;C:\Program Files\Android\Android Studio1\jre\bin;C:\WINDOWS\SYSTEM32;C:\WINDOWS\WinSxS\amd64_microsoft.windows.common-controls_6595b64144ccf1df_6.0.19041.1110_none_60b5254171f9507e;C:\Program Files\Android\Android Studio1\jre\bin\server

VM Arguments:
java_command: <unknown>
java_class_path (initial): <not set>
Launcher Type: SUN_STANDARD

[Global flags]
     intx CICompilerCount                          = 3                                         {product} {ergonomic}
     uint ConcGCThreads                            = 1                                         {product} {ergonomic}
     uint G1ConcRefinementThreads                  = 4                                         {product} {ergonomic}
   size_t G1HeapRegionSize                         = 1048576                                   {product} {ergonomic}
    uintx GCDrainStackTargetSize                   = 64                                        {product} {ergonomic}
   size_t InitialHeapSize                          = 266338304                                 {product} {ergonomic}
   size_t MarkStackSize                            = 4194304                                   {product} {ergonomic}
   size_t MaxHeapSize                              = 4253024256                                {product} {ergonomic}
   size_t MinHeapDeltaBytes                        = 1048576                                   {product} {ergonomic}
    uintx NonNMethodCodeHeapSize                   = 5830732                                {pd product} {ergonomic}
    uintx NonProfiledCodeHeapSize                  = 122913754                              {pd product} {ergonomic}
    uintx ProfiledCodeHeapSize                     = 122913754                              {pd product} {ergonomic}
    uintx ReservedCodeCacheSize                    = 251658240                              {pd product} {ergonomic}
     bool SegmentedCodeCache                       = true                                      {product} {ergonomic}
     bool UseCompressedClassPointers               = true                                 {lp64_product} {ergonomic}
     bool UseCompressedOops                        = true                                 {lp64_product} {ergonomic}
     bool UseG1GC                                  = true                                      {product} {ergonomic}
     bool UseLargePagesIndividualAllocation        = false                                  {pd product} {ergonomic}

Logging:
Log output configuration:
 #0: stdout all=warning uptime,level,tags
 #1: stderr all=off uptime,level,tags

Environment Variables:
JAVA_HOME=C:\Program Files\Java\jdk1.8.0_201\bin
PATH=C:\Program Files\Microsoft MPI\Bin\;C:\Python310\Scripts\;C:\Python310\;C:\Python38\Scripts\;C:\Python38\;C:\app\user\product\11.2.0\dbhome_1\bin;C:\Program Files (x86)\Common Files\Oracle\Java\javapath;C:\Program Files (x86)\Common Files\Intel\Shared Libraries\redist\intel64\compiler;C:\ProgramData\Oracle\Java\javapath;C:\WINDOWS\system32;C:\WINDOWS;C:\WINDOWS\System32\Wbem;C:\WINDOWS\System32\WindowsPowerShell\v1.0\;C:\Program Files\PuTTY\;C:\Program Files\Microsoft SQL Server\130\Tools\Binn\;C:\Program Files\dotnet\;C:\Program Files\Git\cmd;C:\Program Files (x86)\Microsoft SQL Server\130\Tools\Binn\;C:\Program Files (x86)\Microsoft SQL Server\130\DTS\Binn\;C:\Program Files\Microsoft SQL Server\130\DTS\Binn\;C:\Program Files\Microsoft SQL Server\Client SDK\ODBC\130\Tools\Binn\;C:\Program Files\Microsoft SQL Server\Client SDK\ODBC\110\Tools\Binn\;C:\Program Files (x86)\Microsoft SQL Server\120\Tools\Binn\;C:\Program Files\Microsoft SQL Server\120\Tools\Binn\;C:\Program Files\Microsoft SQL Server\120\DTS\Binn\;C:\Program Files (x86)\Microsoft SQL Server\120\Tools\Binn\ManagementStudio\;C:\Program Files (x86)\Microsoft SQL Server\120\DTS\Binn\;C:\Program Files (x86)\Microsoft SQL Server\140\Tools\Binn\;C:\Program Files\Microsoft SQL Server\140\Tools\Binn\;C:\Program Files\Microsoft SQL Server\140\DTS\Binn\;C:\Program Files (x86)\Microsoft SQL Server\110\DTS\Binn\;C:\Program Files (x86)\Microsoft SQL Server\140\DTS\Binn\;C:\Program Files (x86)\Microsoft SQL Server\100\Tools\Binn\;C:\Program Files\Microsoft SQL Server\100\Tools\Binn\;C:\Program Files\Microsoft SQL Server\100\DTS\Binn\;C:\sqlite;C:\WINDOWS\System32\OpenSSH\;C:\Program Files\Java\jdk1.8.0_201\bin;C:\ProgramData\chocolatey\bin;C:\Program Files (x86)\Microsoft SQL Server\150\DTS\Binn\;C:\Program Files\Microsoft SQL Server\Client SDK\ODBC\170\Tools\Binn\;C:\liquibase-4.2.2;C:\Program Files (x86)\dotnet\;C:\Program Files\nodejs\;C:\Python310\Lib\site-packages\coverage;C:\Program Files\Microsoft SQL Server\
USERNAME=user
OS=Windows_NT
PROCESSOR_IDENTIFIER=Intel64 Family 6 Model 78 Stepping 3, GenuineIntel



---------------  S Y S T E M  ---------------

OS: Windows 10 , 64 bit Build 19041 (10.0.19041.1566)
OS uptime: 2 days 2:48 hours
Hyper-V role detected

CPU:total 4 (initial active 4) (2 cores per cpu, 2 threads per core) family 6 model 78 stepping 3 microcode 0xcc, cmov, cx8, fxsr, mmx, sse, sse2, sse3, ssse3, sse4.1, sse4.2, popcnt, avx, avx2, aes, clmul, erms, rtm, 3dnowpref, lzcnt, ht, tsc, tscinvbit, bmi1, bmi2, adx, fma

Memory: 4k page, system-wide physical 16216M (3928M free)
TotalPageFile size 20312M (AvailPageFile size 27M)
current process WorkingSet (physical memory assigned to process): 10M, peak: 10M
current process commit charge ("private bytes"): 52M, peak: 305M

vm_info: OpenJDK 64-Bit Server VM (11.0.11+9-b60-7590822) for windows-amd64 JRE (11.0.11+9-b60-7590822), built on Jul 29 2021 21:43:44 by "builder" with MS VC++ 14.0 (VS2015)

END.
