#
# A fatal error has been detected by the Java Runtime Environment:
#
#  EXCEPTION_UNCAUGHT_CXX_EXCEPTION (0xe06d7363) at pc=0x00007ffc5c5d4f69, pid=15756, tid=20812
#
# JRE version:  (11.0.11+9) (build )
# Java VM: OpenJDK 64-Bit Server VM (11.0.11+9-b60-7590822, mixed mode, tiered, compressed oops, g1 gc, windows-amd64)
# Problematic frame:
# C  [KERNELBASE.dll+0x34f69]
#
# No core dump will be written. Minidumps are not enabled by default on client versions of Windows
#
#

---------------  S U M M A R Y ------------

Command Line: -Dorg.gradle.appname=gradlew org.gradle.wrapper.GradleWrapperMain -q -Ptarget-platform=android-x86 -Ptarget=C:\Users\user\Downloads\veganic (1)\lib\main.dart -Pbase-application-name=android.app.Application -Pdart-defines=Zmx1dHRlci5pbnNwZWN0b3Iuc3RydWN0dXJlZEVycm9ycz10cnVl,RkxVVFRFUl9XRUJfQVVUT19ERVRFQ1Q9dHJ1ZQ== -Pdart-obfuscation=false -Ptrack-widget-creation=true -Ptree-shake-icons=false -Pfilesystem-scheme=org-dartlang-root assembleDebug

Host: Intel(R) Core(TM) i7-6600U CPU @ 2.60GHz, 4 cores, 15G,  Windows 10 , 64 bit Build 19041 (10.0.19041.1566)
Time: Thu Mar 31 12:36:43 2022 South Africa Standard Time elapsed time: 0.230175 seconds (0d 0h 0m 0s)

---------------  T H R E A D  ---------------

Current thread (0x0000020f268d4000):  JavaThread "Unknown thread" [_thread_in_vm, id=20812, stack(0x000000aabca00000,0x000000aabcb00000)]

Stack: [0x000000aabca00000,0x000000aabcb00000],  sp=0x000000aabcafef60,  free space=1019k
Native frames: (J=compiled Java code, j=interpreted, Vv=VM code, C=native code)
C  [KERNELBASE.dll+0x34f69]
C  [VCRUNTIME140.dll+0x4462]
C  [jimage.dll+0x343f]


siginfo: EXCEPTION_UNCAUGHT_CXX_EXCEPTION (0xe06d7363), ExceptionInformation=0x0000000019930520 0x000000aabcaff0e0 0x00007ffc57694fa8 0x00007ffc57690000 


Registers:
RAX=0x00000000000003ff, RBX=0x0000000000008019, RCX=0x0000020f47777f20, RDX=0x0000000000000000
RSP=0x000000aabcafef60, RBP=0x000000aabcaff0a0, RSI=0x00007ffc57694fa8, RDI=0x0000020f2910f83c
R8 =0x0000000000000201, R9 =0x0000020f4776af10, R10=0x0000000000000009, R11=0x0000020f2665c5f8
R12=0x0000000000008019, R13=0x0000020f268de7a0, R14=0x000000aabcaff0e0, R15=0x0000020f47779f50
RIP=0x00007ffc5c5d4f69, EFLAGS=0x0000000000000202

Top of Stack: (sp=0x000000aabcafef60)
0x000000aabcafef60:   0000000000000000 0000000000008019
0x000000aabcafef70:   00007ffc57694fa8 00007ffc0156a8dd
0x000000aabcafef80:   00000001e06d7363 0000000000000000
0x000000aabcafef90:   00007ffc5c5d4f69 0000000000000004
0x000000aabcafefa0:   0000000019930520 000000aabcaff0e0
0x000000aabcafefb0:   00007ffc57694fa8 00007ffc57690000
0x000000aabcafefc0:   0000020f268de7a0 0000000000008019
0x000000aabcafefd0:   00007ffc57694fa8 000000aabcaff0a0
0x000000aabcafefe0:   000000aabcaff0c0 00007ffc5e984a5f
0x000000aabcafeff0:   0000020f2910f83c 000000aa00000000
0x000000aabcaff000:   000000030048008e 0000000083000685
0x000000aabcaff010:   00007ffc57697000 00007ffc57690000
0x000000aabcaff020:   00009ba315e20423 00007ffc5e9a07b0
0x000000aabcaff030:   0000000000008019 00007ffc51be4462
0x000000aabcaff040:   0000020f26650000 00007ffc5c5e986b
0x000000aabcaff050:   0000020f268402ac 00007ffc5e9a07b0 

Instructions: (pc=0x00007ffc5c5d4f69)
0x00007ffc5c5d4e69:   d8 21 00 00 41 0f 44 c0 89 43 24 8b 41 18 89 43
0x00007ffc5c5d4e79:   28 65 48 8b 04 25 60 00 00 00 48 8b 48 20 39 79
0x00007ffc5c5d4e89:   08 7c 36 41 b9 40 00 00 00 48 89 7c 24 20 4c 8d
0x00007ffc5c5d4e99:   44 24 30 48 83 c9 ff 41 8d 51 e5 48 ff 15 ed 9e
0x00007ffc5c5d4ea9:   18 00 0f 1f 44 00 00 85 c0 0f 88 6f f1 06 00 81
0x00007ffc5c5d4eb9:   7c 24 54 33 00 03 00 72 0f 48 8b 9c 24 80 00 00
0x00007ffc5c5d4ec9:   00 48 83 c4 70 5f c3 cc 89 7b 2c eb ec cc cc cc
0x00007ffc5c5d4ed9:   cc cc cc cc cc cc cc 65 48 8b 04 25 30 00 00 00
0x00007ffc5c5d4ee9:   8b 40 68 c3 cc cc cc cc cc cc cc cc cc cc cc cc
0x00007ffc5c5d4ef9:   cc cc cc cc cc cc cc 48 81 ec d8 00 00 00 48 8b
0x00007ffc5c5d4f09:   05 62 5f 25 00 48 33 c4 48 89 84 24 c0 00 00 00
0x00007ffc5c5d4f19:   48 83 64 24 28 00 48 8d 05 da ff ff ff 83 e2 01
0x00007ffc5c5d4f29:   89 4c 24 20 89 54 24 24 48 89 44 24 30 4d 85 c9
0x00007ffc5c5d4f39:   74 4c b8 0f 00 00 00 48 8d 4c 24 40 44 3b c0 49
0x00007ffc5c5d4f49:   8b d1 44 0f 47 c0 44 89 44 24 38 49 c1 e0 03 e8
0x00007ffc5c5d4f59:   0a d7 05 00 48 8d 4c 24 20 48 ff 15 0f 9f 18 00
0x00007ffc5c5d4f69:   0f 1f 44 00 00 48 8b 8c 24 c0 00 00 00 48 33 cc
0x00007ffc5c5d4f79:   e8 32 98 05 00 48 81 c4 d8 00 00 00 c3 cc 83 64
0x00007ffc5c5d4f89:   24 38 00 eb cf cc cc cc cc cc cc cc cc cc cc cc
0x00007ffc5c5d4f99:   cc cc cc cc cc cc cc 40 53 48 83 ec 30 48 8b d1
0x00007ffc5c5d4fa9:   48 8d 4c 24 20 e8 e5 cc ff ff 85 c0 74 26 48 8b
0x00007ffc5c5d4fb9:   4c 24 28 e8 8f 6f ff ff 48 8d 4c 24 20 8b d8 48
0x00007ffc5c5d4fc9:   ff 15 01 97 18 00 0f 1f 44 00 00 8b c3 48 83 c4
0x00007ffc5c5d4fd9:   30 5b c3 cc 83 c8 ff eb f4 cc cc cc cc cc cc cc
0x00007ffc5c5d4fe9:   cc cc cc cc cc cc cc 48 8b c4 48 89 58 10 48 89
0x00007ffc5c5d4ff9:   70 18 57 48 83 ec 60 0f 57 c0 0f 11 40 b8 48 8d
0x00007ffc5c5d5009:   35 22 f7 18 00 33 db 48 85 c9 48 0f 45 f1 48 8b
0x00007ffc5c5d5019:   d6 48 8d 48 c8 48 ff 15 33 9d 18 00 0f 1f 44 00
0x00007ffc5c5d5029:   00 8b f8 89 44 24 70 85 c0 78 1f 41 b0 01 48 8d
0x00007ffc5c5d5039:   54 24 30 48 8d 4c 24 20 48 ff 15 b0 96 18 00 0f
0x00007ffc5c5d5049:   1f 44 00 00 8b f8 89 44 24 70 85 ff 0f 88 d9 ef
0x00007ffc5c5d5059:   06 00 48 83 c8 ff 48 8b c8 48 ff c1 66 39 1c 4e 



---------------  P R O C E S S  ---------------

Threads class SMR info:
_java_thread_list=0x0000020f26677840, length=0, elements={
}

Java Threads: ( => current thread )

Other Threads:
  0x0000020f268ec000 GCTaskThread "GC Thread#0" [stack: 0x000000aabcb00000,0x000000aabcc00000] [id=10368]
  0x0000020f26947000 ConcurrentGCThread "G1 Main Marker" [stack: 0x000000aabcc00000,0x000000aabcd00000] [id=14096]
  0x0000020f26948800 ConcurrentGCThread "G1 Conc#0" [stack: 0x000000aabcd00000,0x000000aabce00000] [id=2668]
  0x0000020f46dd3800 ConcurrentGCThread "G1 Refine#0" [stack: 0x000000aabce00000,0x000000aabcf00000] [id=15648]
  0x0000020f46dd4800 ConcurrentGCThread "G1 Young RemSet Sampling" [stack: 0x000000aabcf00000,0x000000aabd000000] [id=4288]

=>0x0000020f268d4000 (exited) JavaThread "Unknown thread" [_thread_in_vm, id=20812, stack(0x000000aabca00000,0x000000aabcb00000)]

Threads with active compile tasks:

VM state:not at safepoint (not fully initialized)

VM Mutex/Monitor currently owned by a thread: None

Heap address: 0x0000000702800000, size: 4056 MB, Compressed Oops mode: Zero based, Oop shift amount: 3
Narrow klass base: 0x0000000800000000, Narrow klass shift: 0
Compressed class space size: 1073741824 Address: 0x0000000800000000

GC Heap History (0 events):
No events

Deoptimization events (0 events):
No events

Classes redefined (0 events):
No events

Internal exceptions (0 events):
No events

Events (20 events):
Event: 0.128 loading class jdk/internal/reflect/FieldAccessorImpl done
Event: 0.128 loading class jdk/internal/reflect/UnsafeFieldAccessorImpl done
Event: 0.128 loading class jdk/internal/reflect/UnsafeStaticFieldAccessorImpl done
Event: 0.128 loading class jdk/internal/reflect/CallerSensitive
Event: 0.128 loading class java/lang/annotation/Annotation
Event: 0.128 loading class java/lang/annotation/Annotation done
Event: 0.128 loading class jdk/internal/reflect/CallerSensitive done
Event: 0.128 loading class java/lang/invoke/DirectMethodHandle
Event: 0.128 loading class java/lang/invoke/MethodHandle
Event: 0.129 loading class java/lang/invoke/MethodHandle done
Event: 0.129 loading class java/lang/invoke/DirectMethodHandle done
Event: 0.129 loading class java/lang/invoke/VarHandle
Event: 0.129 loading class java/lang/invoke/VarHandle done
Event: 0.129 loading class java/lang/invoke/MemberName
Event: 0.130 loading class java/lang/invoke/MemberName done
Event: 0.130 loading class java/lang/invoke/ResolvedMethodName
Event: 0.130 loading class java/lang/invoke/ResolvedMethodName done
Event: 0.130 loading class java/lang/invoke/MethodHandleNatives
Event: 0.130 loading class java/lang/invoke/MethodHandleNatives done
Event: 0.130 loading class java/lang/invoke/LambdaForm


Dynamic libraries:
0x00007ff75d660000 - 0x00007ff75d66a000 	C:\Program Files\Android\Android Studio1\jre\bin\java.exe
0x00007ffc5e950000 - 0x00007ffc5eb45000 	C:\WINDOWS\SYSTEM32\ntdll.dll
0x00007ffc5d9f0000 - 0x00007ffc5daae000 	C:\WINDOWS\System32\KERNEL32.DLL
0x00007ffc5c5a0000 - 0x00007ffc5c868000 	C:\WINDOWS\System32\KERNELBASE.dll
0x00007ffc5c1e0000 - 0x00007ffc5c2e0000 	C:\WINDOWS\System32\ucrtbase.dll
0x00007ffc51c00000 - 0x00007ffc51c19000 	C:\Program Files\Android\Android Studio1\jre\bin\jli.dll
0x00007ffc5db20000 - 0x00007ffc5dcc0000 	C:\WINDOWS\System32\USER32.dll
0x00007ffc5c570000 - 0x00007ffc5c592000 	C:\WINDOWS\System32\win32u.dll
0x00007ffc5d4f0000 - 0x00007ffc5d51b000 	C:\WINDOWS\System32\GDI32.dll
0x00007ffc5c8a0000 - 0x00007ffc5c9ab000 	C:\WINDOWS\System32\gdi32full.dll
0x00007ffc51be0000 - 0x00007ffc51bf7000 	C:\Program Files\Android\Android Studio1\jre\bin\VCRUNTIME140.dll
0x00007ffc5c2e0000 - 0x00007ffc5c37d000 	C:\WINDOWS\System32\msvcp_win.dll
0x00007ffc44490000 - 0x00007ffc4472a000 	C:\WINDOWS\WinSxS\amd64_microsoft.windows.common-controls_6595b64144ccf1df_6.0.19041.1110_none_60b5254171f9507e\COMCTL32.dll
0x00007ffc5c9b0000 - 0x00007ffc5ca4e000 	C:\WINDOWS\System32\msvcrt.dll
0x00007ffc5d520000 - 0x00007ffc5d550000 	C:\WINDOWS\System32\IMM32.DLL
0x00007ffc21db0000 - 0x00007ffc21e4d000 	C:\Program Files\Android\Android Studio1\jre\bin\msvcp140.dll
0x00007ffc010a0000 - 0x00007ffc01b75000 	C:\Program Files\Android\Android Studio1\jre\bin\server\jvm.dll
0x00007ffc5d440000 - 0x00007ffc5d4ee000 	C:\WINDOWS\System32\ADVAPI32.dll
0x00007ffc5d7a0000 - 0x00007ffc5d83c000 	C:\WINDOWS\System32\sechost.dll
0x00007ffc5e640000 - 0x00007ffc5e765000 	C:\WINDOWS\System32\RPCRT4.dll
0x00007ffc5d380000 - 0x00007ffc5d388000 	C:\WINDOWS\System32\PSAPI.DLL
0x00007ffc47660000 - 0x00007ffc47669000 	C:\WINDOWS\SYSTEM32\WSOCK32.dll
0x00007ffc5e770000 - 0x00007ffc5e7db000 	C:\WINDOWS\System32\WS2_32.dll
0x00007ffc492d0000 - 0x00007ffc492f7000 	C:\WINDOWS\SYSTEM32\WINMM.dll
0x00007ffc5a710000 - 0x00007ffc5a71a000 	C:\WINDOWS\SYSTEM32\VERSION.dll
0x00007ffc5a900000 - 0x00007ffc5a912000 	C:\WINDOWS\SYSTEM32\kernel.appcore.dll
0x00007ffc4fad0000 - 0x00007ffc4fae1000 	C:\Program Files\Android\Android Studio1\jre\bin\verify.dll
0x00007ffc53e00000 - 0x00007ffc53fe4000 	C:\WINDOWS\SYSTEM32\DBGHELP.DLL
0x00007ffc2d680000 - 0x00007ffc2d6ac000 	C:\WINDOWS\SYSTEM32\dbgcore.DLL
0x00007ffc5c4e0000 - 0x00007ffc5c562000 	C:\WINDOWS\System32\bcryptPrimitives.dll
0x00007ffc4b0a0000 - 0x00007ffc4b0c9000 	C:\Program Files\Android\Android Studio1\jre\bin\java.dll
0x00007ffc57690000 - 0x00007ffc5769b000 	C:\Program Files\Android\Android Studio1\jre\bin\jimage.dll
0x00007ffc4ad10000 - 0x00007ffc4ad28000 	C:\Program Files\Android\Android Studio1\jre\bin\zip.dll

dbghelp: loaded successfully - version: 4.0.5 - missing functions: none
symbol engine: initialized successfully - sym options: 0x614 - pdb path: .;C:\Program Files\Android\Android Studio1\jre\bin;C:\WINDOWS\SYSTEM32;C:\WINDOWS\WinSxS\amd64_microsoft.windows.common-controls_6595b64144ccf1df_6.0.19041.1110_none_60b5254171f9507e;C:\Program Files\Android\Android Studio1\jre\bin\server

VM Arguments:
jvm_args: -Dorg.gradle.appname=gradlew 
java_command: org.gradle.wrapper.GradleWrapperMain -q -Ptarget-platform=android-x86 -Ptarget=C:\Users\user\Downloads\veganic (1)\lib\main.dart -Pbase-application-name=android.app.Application -Pdart-defines=Zmx1dHRlci5pbnNwZWN0b3Iuc3RydWN0dXJlZEVycm9ycz10cnVl,RkxVVFRFUl9XRUJfQVVUT19ERVRFQ1Q9dHJ1ZQ== -Pdart-obfuscation=false -Ptrack-widget-creation=true -Ptree-shake-icons=false -Pfilesystem-scheme=org-dartlang-root assembleDebug
java_class_path (initial): C:\Users\user\Downloads\veganic (1)\android\\gradle\wrapper\gradle-wrapper.jar
Launcher Type: SUN_STANDARD

[Global flags]
     intx CICompilerCount                          = 3                                         {product} {ergonomic}
     uint ConcGCThreads                            = 1                                         {product} {ergonomic}
     uint G1ConcRefinementThreads                  = 4                                         {product} {ergonomic}
   size_t G1HeapRegionSize                         = 1048576                                   {product} {ergonomic}
    uintx GCDrainStackTargetSize                   = 64                                        {product} {ergonomic}
   size_t InitialHeapSize                          = 266338304                                 {product} {ergonomic}
   size_t MarkStackSize                            = 4194304                                   {product} {ergonomic}
   size_t MaxHeapSize                              = 4253024256                                {product} {ergonomic}
   size_t MaxNewSize                               = 2551185408                                {product} {ergonomic}
   size_t MinHeapDeltaBytes                        = 1048576                                   {product} {ergonomic}
    uintx NonNMethodCodeHeapSize                   = 5830732                                {pd product} {ergonomic}
    uintx NonProfiledCodeHeapSize                  = 122913754                              {pd product} {ergonomic}
    uintx ProfiledCodeHeapSize                     = 122913754                              {pd product} {ergonomic}
    uintx ReservedCodeCacheSize                    = 251658240                              {pd product} {ergonomic}
     bool SegmentedCodeCache                       = true                                      {product} {ergonomic}
     bool UseCompressedClassPointers               = true                                 {lp64_product} {ergonomic}
     bool UseCompressedOops                        = true                                 {lp64_product} {ergonomic}
     bool UseG1GC                                  = true                                      {product} {ergonomic}
     bool UseLargePagesIndividualAllocation        = false                                  {pd product} {ergonomic}

Logging:
Log output configuration:
 #0: stdout all=warning uptime,level,tags
 #1: stderr all=off uptime,level,tags

Environment Variables:
JAVA_HOME=C:\Program Files\Android\Android Studio1\jre
CLASSPATH=C:\Users\user\Downloads\veganic (1)\android\\gradle\wrapper\gradle-wrapper.jar
PATH=C:\Program Files\Microsoft MPI\Bin\;C:\Python310\Scripts\;C:\Python310\;C:\Python38\Scripts\;C:\Python38\;C:\app\user\product\11.2.0\dbhome_1\bin;C:\Program Files (x86)\Common Files\Oracle\Java\javapath;C:\Program Files (x86)\Common Files\Intel\Shared Libraries\redist\intel64\compiler;C:\ProgramData\Oracle\Java\javapath;C:\WINDOWS\system32;C:\WINDOWS;C:\WINDOWS\System32\Wbem;C:\WINDOWS\System32\WindowsPowerShell\v1.0\;C:\Program Files\PuTTY\;C:\Program Files\Microsoft SQL Server\130\Tools\Binn\;C:\Program Files\dotnet\;C:\Program Files\Git\cmd;C:\Program Files (x86)\Microsoft SQL Server\130\Tools\Binn\;C:\Program Files (x86)\Microsoft SQL Server\130\DTS\Binn\;C:\Program Files\Microsoft SQL Server\130\DTS\Binn\;C:\Program Files\Microsoft SQL Server\Client SDK\ODBC\130\Tools\Binn\;C:\Program Files\Microsoft SQL Server\Client SDK\ODBC\110\Tools\Binn\;C:\Program Files (x86)\Microsoft SQL Server\120\Tools\Binn\;C:\Program Files\Microsoft SQL Server\120\Tools\Binn\;C:\Program Files\Microsoft SQL Server\120\DTS\Binn\;C:\Program Files (x86)\Microsoft SQL Server\120\Tools\Binn\ManagementStudio\;C:\Program Files (x86)\Microsoft SQL Server\120\DTS\Binn\;C:\Program Files (x86)\Microsoft SQL Server\140\Tools\Binn\;C:\Program Files\Microsoft SQL Server\140\Tools\Binn\;C:\Program Files\Microsoft SQL Server\140\DTS\Binn\;C:\Program Files (x86)\Microsoft SQL Server\110\DTS\Binn\;C:\Program Files (x86)\Microsoft SQL Server\140\DTS\Binn\;C:\Program Files (x86)\Microsoft SQL Server\100\Tools\Binn\;C:\Program Files\Microsoft SQL Server\100\Tools\Binn\;C:\Program Files\Microsoft SQL Server\100\DTS\Binn\;C:\sqlite;C:\WINDOWS\System32\OpenSSH\;C:\Program Files\Java\jdk1.8.0_201\bin;C:\ProgramData\chocolatey\bin;C:\Program Files (x86)\Microsoft SQL Server\150\DTS\Binn\;C:\Program Files\Microsoft SQL Server\Client SDK\ODBC\170\Tools\Binn\;C:\liquibase-4.2.2;C:\Program Files (x86)\dotnet\;C:\Program Files\nodejs\;C:\Python310\Lib\site-packages\coverage;C:\Program Files\Microsoft SQL Server\
USERNAME=user
OS=Windows_NT
PROCESSOR_IDENTIFIER=Intel64 Family 6 Model 78 Stepping 3, GenuineIntel



---------------  S Y S T E M  ---------------

OS: Windows 10 , 64 bit Build 19041 (10.0.19041.1566)
OS uptime: 2 days 2:49 hours
Hyper-V role detected

CPU:total 4 (initial active 4) (2 cores per cpu, 2 threads per core) family 6 model 78 stepping 3 microcode 0xcc, cmov, cx8, fxsr, mmx, sse, sse2, sse3, ssse3, sse4.1, sse4.2, popcnt, avx, avx2, aes, clmul, erms, rtm, 3dnowpref, lzcnt, ht, tsc, tscinvbit, bmi1, bmi2, adx, fma

Memory: 4k page, system-wide physical 16216M (3857M free)
TotalPageFile size 20312M (AvailPageFile size 213M)
current process WorkingSet (physical memory assigned to process): 24M, peak: 24M
current process commit charge ("private bytes"): 323M, peak: 323M

vm_info: OpenJDK 64-Bit Server VM (11.0.11+9-b60-7590822) for windows-amd64 JRE (11.0.11+9-b60-7590822), built on Jul 29 2021 21:43:44 by "builder" with MS VC++ 14.0 (VS2015)

END.
